{"D:\\react-typescript-jest-boilerplate\\cypress.config.ts": {"path":"D:\\react-typescript-jest-boilerplate\\cypress.config.ts","statementMap":{"0":{"start":{"line":1,"column":0},"end":{"line":1,"column":39}},"1":{"start":{"line":3,"column":0},"end":{"line":15,"column":3}}},"fnMap":{},"branchMap":{},"s":{"0":0,"1":0},"f":{},"b":{}}
,"D:\\react-typescript-jest-boilerplate\\src\\declaration.d.ts": {"path":"D:\\react-typescript-jest-boilerplate\\src\\declaration.d.ts","statementMap":{},"fnMap":{},"branchMap":{},"s":{},"f":{},"b":{}}
,"D:\\react-typescript-jest-boilerplate\\src\\components\\Hello\\handlers.ts": {"path":"D:\\react-typescript-jest-boilerplate\\src\\components\\Hello\\handlers.ts","statementMap":{"0":{"start":{"line":1,"column":13},"end":{"line":4,"column":2}},"1":{"start":{"line":6,"column":25},"end":{"line":6,"column":60}},"2":{"start":{"line":6,"column":59},"end":{"line":6,"column":65}},"3":{"start":{"line":6,"column":13},"end":{"line":6,"column":25}}},"fnMap":{"0":{"name":"(anonymous_0)","decl":{"start":{"line":6,"column":25},"end":{"line":6,"column":26}},"loc":{"start":{"line":6,"column":46},"end":{"line":6,"column":60}}}},"branchMap":{},"s":{"0":1,"1":1,"2":1,"3":1},"f":{"0":1},"b":{}}
}
